<?xml version="1.0" encoding="UTF-8"?>
<!-- Generated by org.testng.reporters.JUnitXMLReporter -->
<testsuite ignored="12" hostname="DESKTOP-1TTDB2G" failures="1" tests="6" name="Regression Test" time="50.951" errors="0" timestamp="2021-10-23T01:42:22 EDT">
  <testcase classname="com.neotech.testcases.AddEmployeeTest" name="AddEmployee" time="6.759"/>
  <testcase classname="com.neotech.testcases.AddEmployeeTest" name="AddEmployee" time="6.673"/>
  <testcase classname="com.neotech.testcases.AddEmployeeTest" name="AddEmployee" time="6.68"/>
  <testcase classname="com.neotech.testcases.LoginTest" name="emptyPasswordLogin" time="3.153"/>
  <testcase classname="com.neotech.testcases.LoginTest" name="invalidPasswordLogin" time="4.751">
    <failure type="java.lang.AssertionError" message="Error message does not match expected [Invalid credentials-Bla-Bla] but found [Invalid credentials]">
      <![CDATA[java.lang.AssertionError: Error message does not match expected [Invalid credentials-Bla-Bla] but found [Invalid credentials]
at com.neotech.testcases.LoginTest.invalidPasswordLogin(LoginTest.java:97)
at java.base/java.util.ArrayList.forEach(ArrayList.java:1511)
... Removed 32 stack frames]]>
    </failure>
  </testcase> <!-- invalidPasswordLogin -->
  <testcase classname="com.neotech.testcases.LoginTest" name="validLogin" time="5.15"/>
  <testcase classname="com.neotech.testcases.AssertionDemo" name="softAssert" time="0.0">
    <ignored/>
  </testcase> <!-- softAssert -->
  <testcase classname="com.neotech.testcases.AssertionDemo" name="test1" time="0.0">
    <ignored/>
  </testcase> <!-- test1 -->
  <testcase classname="com.neotech.testcases.GroupsDemo" name="test1" time="0.0">
    <ignored/>
  </testcase> <!-- test1 -->
  <testcase classname="com.neotech.testcases.Annotations" name="test1" time="0.0">
    <ignored/>
  </testcase> <!-- test1 -->
  <testcase classname="com.neotech.testcases.AssertionDemo" name="test2" time="0.0">
    <ignored/>
  </testcase> <!-- test2 -->
  <testcase classname="com.neotech.testcases.GroupsDemo" name="test2" time="0.0">
    <ignored/>
  </testcase> <!-- test2 -->
  <testcase classname="com.neotech.testbase.BaseClass" name="@AfterTest writeReport" time="0.0">
    <ignored/>
  </testcase> <!-- @AfterTest writeReport -->
  <testcase classname="com.neotech.testcases.Annotations" name="test2" time="0.0">
    <ignored/>
  </testcase> <!-- test2 -->
  <testcase classname="com.neotech.testcases.DataProviderDemo" name="printInformation" time="0.0">
    <ignored/>
  </testcase> <!-- printInformation -->
  <testcase classname="com.neotech.testcases.AssertionDemo" name="test4" time="0.0">
    <ignored/>
  </testcase> <!-- test4 -->
  <testcase classname="com.neotech.testbase.BaseClass" name="@BeforeTest generateReport" time="0.0">
    <ignored/>
  </testcase> <!-- @BeforeTest generateReport -->
  <testcase classname="com.neotech.testcases.AssertionDemo" name="test3" time="0.0">
    <ignored/>
  </testcase> <!-- test3 -->
</testsuite> <!-- Regression Test -->
